<?xml version="1.0" encoding="UTF-8"?>
<!-- Generated by org.testng.reporters.JUnitXMLReporter -->
<testsuite ignored="0" hostname="Jaggu" failures="0" tests="3" name="FireFoxTest" time="1.023" errors="0" timestamp="2024-10-05T11:49:39 IST">
  <testcase classname="com.mystore.testcases.LoginPageTestGrouping" name="loginTest" time="0.001">
    <skipped/>
  </testcase> <!-- loginTest -->
  <testcase classname="com.mystore.testcases.LoginPageTestGrouping" name="loginTest" time="0.0">
    <skipped/>
  </testcase> <!-- loginTest -->
  <testcase classname="com.mystore.testcases.LoginPageTestGrouping" name="loginTest" time="0.0">
    <skipped/>
  </testcase> <!-- loginTest -->
</testsuite> <!-- FireFoxTest -->
