<?xml version="1.0" encoding="UTF-8"?>
<!-- Generated by org.testng.reporters.JUnitXMLReporter -->
<testsuite ignored="0" hostname="Jaggu" failures="0" tests="3" name="Test" time="22.101" errors="0" timestamp="2024-09-20T08:22:54 IST">
  <testcase classname="com.mystore.testcases.AccountCreationPageTestxml" name="verifyAccountCreationLandingPage" time="1.269"/>
  <testcase classname="com.mystore.testcases.AccountCreationPageTestxml" name="verifyAccountCreationLandingPage" time="4.185"/>
  <testcase classname="com.mystore.testcases.AccountCreationPageTestxml" name="verifyAccountCreationLandingPage" time="4.713"/>
</testsuite> <!-- Test -->
