<?xml version="1.0" encoding="UTF-8"?>
<!-- Generated by org.testng.reporters.JUnitXMLReporter -->
<testsuite ignored="28" hostname="Jaggu" failures="2" tests="14" name="Test" time="199.236" errors="0" timestamp="2024-12-21T10:23:45 IST">
  <testcase classname="com.mystore.testcases.IndexPageTestxml" name="verifyLogo" time="0.102"/>
  <testcase classname="com.mystore.testcases.IndexPageTestxml" name="verifyTitle" time="0.011"/>
  <testcase classname="com.mystore.testcases.HomepageTestxml" name="orderHistoryandDetailsTest" time="10.337"/>
  <testcase classname="com.mystore.testcases.LoginPageTestxml" name="loginTest" time="7.128"/>
  <testcase classname="com.mystore.testcases.LoginPageTestxml" name="loginTest" time="6.746">
    <failure type="java.lang.AssertionError" message="expected [http://www.automationpractice.pl/index.php?controller=my-account] but found [http://www.automationpractice.pl/index.php?controller=authentication]">
      <![CDATA[java.lang.AssertionError: expected [http://www.automationpractice.pl/index.php?controller=my-account] but found [http://www.automationpractice.pl/index.php?controller=authentication]
at com.mystore.testcases.LoginPageTestxml.loginTest(LoginPageTestxml.java:49)
at java.base/java.util.ArrayList.forEach(ArrayList.java:1511)
... Removed 31 stack frames]]>
    </failure>
  </testcase> <!-- loginTest -->
  <testcase classname="com.mystore.testcases.LoginPageTestxml" name="loginTest" time="6.678">
    <failure type="java.lang.AssertionError" message="expected [http://www.automationpractice.pl/index.php?controller=my-account] but found [http://www.automationpractice.pl/index.php?controller=authentication]">
      <![CDATA[java.lang.AssertionError: expected [http://www.automationpractice.pl/index.php?controller=my-account] but found [http://www.automationpractice.pl/index.php?controller=authentication]
at com.mystore.testcases.LoginPageTestxml.loginTest(LoginPageTestxml.java:49)
at java.base/java.util.ArrayList.forEach(ArrayList.java:1511)
... Removed 31 stack frames]]>
    </failure>
  </testcase> <!-- loginTest -->
  <testcase classname="com.mystore.testcases.endToEndTestxml" name="endToEndTest" time="26.897"/>
  <testcase classname="com.mystore.testcases.endToEndTestxml" name="newTest1" time="0.913"/>
  <testcase classname="com.mystore.testcases.AccountCreationPageTestxml" name="verifyAccountCreationLandingPage" time="1.527"/>
  <testcase classname="com.mystore.testcases.AccountCreationPageTestxml" name="verifyAccountCreationLandingPage" time="4.166"/>
  <testcase classname="com.mystore.testcases.AccountCreationPageTestxml" name="verifyAccountCreationLandingPage" time="4.897"/>
  <testcase classname="com.mystore.testcases.SearchResultPageTestxml" name="verifyProductSearch" time="2.925"/>
  <testcase classname="com.mystore.testcases.AddToCartPageTestxml" name="addToCartTest" time="3.603"/>
  <testcase classname="com.mystore.testcases.OrderPageTestxml" name="orderPageTest" time="6.615"/>
  <testcase classname="com.mystore.base.BaseClass" name="@AfterSuite afterSuite" time="0.0">
    <ignored/>
  </testcase> <!-- @AfterSuite afterSuite -->
  <testcase classname="com.mystore.base.BaseClass" name="@BeforeSuite loadconfig" time="0.0">
    <ignored/>
  </testcase> <!-- @BeforeSuite loadconfig -->
  <testcase classname="com.mystore.base.BaseClass" name="@BeforeSuite loadconfig" time="0.0">
    <ignored/>
  </testcase> <!-- @BeforeSuite loadconfig -->
  <testcase classname="com.mystore.base.BaseClass" name="@BeforeSuite loadconfig" time="0.0">
    <ignored/>
  </testcase> <!-- @BeforeSuite loadconfig -->
  <testcase classname="com.mystore.base.BaseClass" name="@AfterSuite afterSuite" time="0.0">
    <ignored/>
  </testcase> <!-- @AfterSuite afterSuite -->
  <testcase classname="com.mystore.base.BaseClass" name="@AfterSuite afterSuite" time="0.0">
    <ignored/>
  </testcase> <!-- @AfterSuite afterSuite -->
  <testcase classname="com.mystore.base.BaseClass" name="@AfterTest afterTest" time="0.0">
    <ignored/>
  </testcase> <!-- @AfterTest afterTest -->
  <testcase classname="com.mystore.base.BaseClass" name="@BeforeSuite loadconfig" time="0.0">
    <ignored/>
  </testcase> <!-- @BeforeSuite loadconfig -->
  <testcase classname="com.mystore.base.BaseClass" name="@AfterSuite afterSuite" time="0.0">
    <ignored/>
  </testcase> <!-- @AfterSuite afterSuite -->
  <testcase classname="com.mystore.base.BaseClass" name="@BeforeTest beforeTest" time="0.0">
    <ignored/>
  </testcase> <!-- @BeforeTest beforeTest -->
  <testcase classname="com.mystore.base.BaseClass" name="@AfterTest afterTest" time="0.0">
    <ignored/>
  </testcase> <!-- @AfterTest afterTest -->
  <testcase classname="com.mystore.base.BaseClass" name="@BeforeTest beforeTest" time="0.0">
    <ignored/>
  </testcase> <!-- @BeforeTest beforeTest -->
  <testcase classname="com.mystore.base.BaseClass" name="@AfterSuite afterSuite" time="0.0">
    <ignored/>
  </testcase> <!-- @AfterSuite afterSuite -->
  <testcase classname="com.mystore.base.BaseClass" name="@BeforeTest beforeTest" time="0.0">
    <ignored/>
  </testcase> <!-- @BeforeTest beforeTest -->
  <testcase classname="com.mystore.base.BaseClass" name="@AfterSuite afterSuite" time="0.0">
    <ignored/>
  </testcase> <!-- @AfterSuite afterSuite -->
  <testcase classname="com.mystore.base.BaseClass" name="@AfterTest afterTest" time="0.0">
    <ignored/>
  </testcase> <!-- @AfterTest afterTest -->
  <testcase classname="com.mystore.base.BaseClass" name="@AfterSuite afterSuite" time="0.0">
    <ignored/>
  </testcase> <!-- @AfterSuite afterSuite -->
  <testcase classname="com.mystore.base.BaseClass" name="@BeforeTest beforeTest" time="0.0">
    <ignored/>
  </testcase> <!-- @BeforeTest beforeTest -->
  <testcase classname="com.mystore.base.BaseClass" name="@AfterTest afterTest" time="0.0">
    <ignored/>
  </testcase> <!-- @AfterTest afterTest -->
  <testcase classname="com.mystore.base.BaseClass" name="@BeforeTest beforeTest" time="0.0">
    <ignored/>
  </testcase> <!-- @BeforeTest beforeTest -->
  <testcase classname="com.mystore.base.BaseClass" name="@BeforeSuite loadconfig" time="0.0">
    <ignored/>
  </testcase> <!-- @BeforeSuite loadconfig -->
  <testcase classname="com.mystore.base.BaseClass" name="@AfterTest afterTest" time="0.0">
    <ignored/>
  </testcase> <!-- @AfterTest afterTest -->
  <testcase classname="com.mystore.base.BaseClass" name="@AfterTest afterTest" time="0.0">
    <ignored/>
  </testcase> <!-- @AfterTest afterTest -->
  <testcase classname="com.mystore.base.BaseClass" name="@BeforeSuite loadconfig" time="0.0">
    <ignored/>
  </testcase> <!-- @BeforeSuite loadconfig -->
  <testcase classname="com.mystore.base.BaseClass" name="@BeforeTest beforeTest" time="0.0">
    <ignored/>
  </testcase> <!-- @BeforeTest beforeTest -->
  <testcase classname="com.mystore.base.BaseClass" name="@BeforeTest beforeTest" time="0.0">
    <ignored/>
  </testcase> <!-- @BeforeTest beforeTest -->
  <testcase classname="com.mystore.base.BaseClass" name="@AfterTest afterTest" time="0.0">
    <ignored/>
  </testcase> <!-- @AfterTest afterTest -->
  <testcase classname="com.mystore.base.BaseClass" name="@BeforeSuite loadconfig" time="0.0">
    <ignored/>
  </testcase> <!-- @BeforeSuite loadconfig -->
</testsuite> <!-- Test -->
